2019-11-27 21:51:51,136 INFO org.springframework.boot.StartupInfoLogger [main] Starting ProjectRoboBankApplication on DESKTOP-O1B8D53 with PID 200 (D:\STS_Workspaces\Workspaces\Project_RoboBank\target\classes started by Suraj Gupta in D:\STS_Workspaces\Workspaces\Project_RoboBank)
2019-11-27 21:51:51,141 INFO org.springframework.boot.SpringApplication [main] No active profile set, falling back to default profiles: default
2019-11-27 21:51:52,370 INFO org.springframework.boot.web.embedded.tomcat.TomcatWebServer [main] Tomcat initialized with port(s): 8096 (http)
2019-11-27 21:51:52,378 INFO org.apache.juli.logging.DirectJDKLog [main] Initializing ProtocolHandler ["http-nio-8096"]
2019-11-27 21:51:52,379 INFO org.apache.juli.logging.DirectJDKLog [main] Starting service [Tomcat]
2019-11-27 21:51:52,380 INFO org.apache.juli.logging.DirectJDKLog [main] Starting Servlet engine: [Apache Tomcat/9.0.27]
2019-11-27 21:51:52,462 INFO org.apache.juli.logging.DirectJDKLog [main] Initializing Spring embedded WebApplicationContext
2019-11-27 21:51:52,462 INFO org.springframework.boot.web.servlet.context.ServletWebServerApplicationContext [main] Root WebApplicationContext: initialization completed in 1264 ms
2019-11-27 21:51:52,694 INFO org.springframework.scheduling.concurrent.ExecutorConfigurationSupport [main] Initializing ExecutorService 'applicationTaskExecutor'
2019-11-27 21:51:52,847 INFO org.apache.juli.logging.DirectJDKLog [main] Starting ProtocolHandler ["http-nio-8096"]
2019-11-27 21:51:52,867 INFO org.springframework.boot.web.embedded.tomcat.TomcatWebServer [main] Tomcat started on port(s): 8096 (http) with context path ''
2019-11-27 21:51:52,871 INFO org.springframework.boot.StartupInfoLogger [main] Started ProjectRoboBankApplication in 2.435 seconds (JVM running for 3.319)
2019-11-27 21:52:33,088 INFO org.apache.juli.logging.DirectJDKLog [http-nio-8096-exec-1] Initializing Spring DispatcherServlet 'dispatcherServlet'
2019-11-27 21:52:33,089 INFO org.springframework.web.servlet.FrameworkServlet [http-nio-8096-exec-1] Initializing Servlet 'dispatcherServlet'
2019-11-27 21:52:33,095 INFO org.springframework.web.servlet.FrameworkServlet [http-nio-8096-exec-1] Completed initialization in 6 ms
2019-11-27 21:52:33,130 INFO com.robobank.controller.CustomerStatementController [http-nio-8096-exec-1] In reportData() CustomerStatementController 
2019-11-27 22:05:23,808 INFO org.springframework.boot.admin.SpringApplicationAdminMXBeanRegistrar$SpringApplicationAdmin [RMI TCP Connection(23)-127.0.0.1] Application shutdown requested.
2019-11-27 22:05:23,812 INFO org.springframework.scheduling.concurrent.ExecutorConfigurationSupport [RMI TCP Connection(23)-127.0.0.1] Shutting down ExecutorService 'applicationTaskExecutor'
2019-11-27 22:05:59,453 INFO org.springframework.boot.StartupInfoLogger [main] Starting ProjectRoboBankApplication on DESKTOP-O1B8D53 with PID 11572 (D:\STS_Workspaces\Workspaces\Project_RoboBank\target\classes started by Suraj Gupta in D:\STS_Workspaces\Workspaces\Project_RoboBank)
2019-11-27 22:05:59,458 INFO org.springframework.boot.SpringApplication [main] No active profile set, falling back to default profiles: default
2019-11-27 22:06:00,397 INFO org.springframework.boot.web.embedded.tomcat.TomcatWebServer [main] Tomcat initialized with port(s): 8096 (http)
2019-11-27 22:06:00,406 INFO org.apache.juli.logging.DirectJDKLog [main] Initializing ProtocolHandler ["http-nio-8096"]
2019-11-27 22:06:00,407 INFO org.apache.juli.logging.DirectJDKLog [main] Starting service [Tomcat]
2019-11-27 22:06:00,407 INFO org.apache.juli.logging.DirectJDKLog [main] Starting Servlet engine: [Apache Tomcat/9.0.27]
2019-11-27 22:06:00,505 INFO org.apache.juli.logging.DirectJDKLog [main] Initializing Spring embedded WebApplicationContext
2019-11-27 22:06:00,506 INFO org.springframework.boot.web.servlet.context.ServletWebServerApplicationContext [main] Root WebApplicationContext: initialization completed in 995 ms
2019-11-27 22:06:00,729 INFO org.springframework.scheduling.concurrent.ExecutorConfigurationSupport [main] Initializing ExecutorService 'applicationTaskExecutor'
2019-11-27 22:06:00,890 INFO org.apache.juli.logging.DirectJDKLog [main] Starting ProtocolHandler ["http-nio-8096"]
2019-11-27 22:06:00,910 INFO org.springframework.boot.web.embedded.tomcat.TomcatWebServer [main] Tomcat started on port(s): 8096 (http) with context path ''
2019-11-27 22:06:00,914 INFO org.springframework.boot.StartupInfoLogger [main] Started ProjectRoboBankApplication in 1.989 seconds (JVM running for 2.862)
2019-11-27 22:06:13,724 INFO org.apache.juli.logging.DirectJDKLog [http-nio-8096-exec-2] Initializing Spring DispatcherServlet 'dispatcherServlet'
2019-11-27 22:06:13,725 INFO org.springframework.web.servlet.FrameworkServlet [http-nio-8096-exec-2] Initializing Servlet 'dispatcherServlet'
2019-11-27 22:06:13,736 INFO org.springframework.web.servlet.FrameworkServlet [http-nio-8096-exec-2] Completed initialization in 11 ms
2019-11-27 22:06:13,764 INFO com.robobank.controller.CustomerStatementController [http-nio-8096-exec-2] In reportData() CustomerStatementController 
2019-11-27 22:06:13,765 INFO com.robobank.service.CustomerStatementServiceImpl [http-nio-8096-exec-2] In readFile() CustomerStatementServiceImpl 
2019-11-27 22:06:13,766 INFO com.robobank.repository.StatementRepository [http-nio-8096-exec-2] In readFileCSV() StatementRepository 
2019-11-27 22:06:13,767 INFO com.robobank.utils.StatmentUtils [http-nio-8096-exec-2] In initializeDataFromFile() StatmentUtils 
2019-11-27 22:06:15,518 INFO com.robobank.controller.CustomerStatementController [http-nio-8096-exec-3] In reportData() CustomerStatementController 
2019-11-27 22:06:15,519 INFO com.robobank.service.CustomerStatementServiceImpl [http-nio-8096-exec-3] In readFile() CustomerStatementServiceImpl 
2019-11-27 22:06:15,519 INFO com.robobank.repository.StatementRepository [http-nio-8096-exec-3] In readFileCSV() StatementRepository 
2019-11-27 22:06:15,520 INFO com.robobank.utils.StatmentUtils [http-nio-8096-exec-3] In initializeDataFromFile() StatmentUtils 
2019-11-27 22:06:16,803 INFO com.robobank.controller.CustomerStatementController [http-nio-8096-exec-4] In reportData() CustomerStatementController 
2019-11-27 22:06:16,803 INFO com.robobank.service.CustomerStatementServiceImpl [http-nio-8096-exec-4] In readFile() CustomerStatementServiceImpl 
2019-11-27 22:06:16,804 INFO com.robobank.repository.StatementRepository [http-nio-8096-exec-4] In readFileCSV() StatementRepository 
2019-11-27 22:06:16,804 INFO com.robobank.utils.StatmentUtils [http-nio-8096-exec-4] In initializeDataFromFile() StatmentUtils 
2019-11-27 22:06:23,594 INFO com.robobank.controller.CustomerStatementController [http-nio-8096-exec-5] In reportData() CustomerStatementController 
2019-11-27 22:06:23,595 INFO com.robobank.service.CustomerStatementServiceImpl [http-nio-8096-exec-5] In readFile() CustomerStatementServiceImpl 
2019-11-27 22:06:23,596 INFO com.robobank.repository.StatementRepository [http-nio-8096-exec-5] In readFileXML() StatementRepository 
2019-11-27 22:06:23,596 INFO com.robobank.utils.StatmentUtils [http-nio-8096-exec-5] In initializeDataFile() StatmentUtils 
2019-11-27 22:06:24,372 INFO com.robobank.controller.CustomerStatementController [http-nio-8096-exec-6] In reportData() CustomerStatementController 
2019-11-27 22:06:24,373 INFO com.robobank.service.CustomerStatementServiceImpl [http-nio-8096-exec-6] In readFile() CustomerStatementServiceImpl 
2019-11-27 22:06:24,374 INFO com.robobank.repository.StatementRepository [http-nio-8096-exec-6] In readFileXML() StatementRepository 
2019-11-27 22:06:24,375 INFO com.robobank.utils.StatmentUtils [http-nio-8096-exec-6] In initializeDataFile() StatmentUtils 
2019-11-27 22:06:30,400 INFO com.robobank.controller.CustomerStatementController [http-nio-8096-exec-7] In reportData() CustomerStatementController 
2019-11-27 22:06:30,401 INFO com.robobank.service.CustomerStatementServiceImpl [http-nio-8096-exec-7] In readFile() CustomerStatementServiceImpl 
2019-11-27 22:06:30,402 INFO com.robobank.repository.StatementRepository [http-nio-8096-exec-7] In readFileXML() StatementRepository 
2019-11-27 22:06:30,402 INFO com.robobank.utils.StatmentUtils [http-nio-8096-exec-7] In initializeDataFile() StatmentUtils 
2019-11-27 22:06:31,450 INFO com.robobank.controller.CustomerStatementController [http-nio-8096-exec-8] In reportData() CustomerStatementController 
2019-11-27 22:06:31,451 INFO com.robobank.service.CustomerStatementServiceImpl [http-nio-8096-exec-8] In readFile() CustomerStatementServiceImpl 
2019-11-27 22:06:31,451 INFO com.robobank.repository.StatementRepository [http-nio-8096-exec-8] In readFileXML() StatementRepository 
2019-11-27 22:06:31,452 INFO com.robobank.utils.StatmentUtils [http-nio-8096-exec-8] In initializeDataFile() StatmentUtils 
2019-11-27 22:06:47,485 INFO org.springframework.boot.admin.SpringApplicationAdminMXBeanRegistrar$SpringApplicationAdmin [RMI TCP Connection(8)-127.0.0.1] Application shutdown requested.
2019-11-27 22:06:47,488 INFO org.springframework.scheduling.concurrent.ExecutorConfigurationSupport [RMI TCP Connection(8)-127.0.0.1] Shutting down ExecutorService 'applicationTaskExecutor'
2019-11-27 22:08:16,014 INFO org.springframework.boot.StartupInfoLogger [main] Starting ProjectRoboBankApplication on DESKTOP-O1B8D53 with PID 6232 (D:\STS_Workspaces\Workspaces\Project_RoboBank\target\classes started by Suraj Gupta in D:\STS_Workspaces\Workspaces\Project_RoboBank)
2019-11-27 22:08:16,019 INFO org.springframework.boot.SpringApplication [main] No active profile set, falling back to default profiles: default
2019-11-27 22:08:16,951 INFO org.springframework.boot.web.embedded.tomcat.TomcatWebServer [main] Tomcat initialized with port(s): 8096 (http)
2019-11-27 22:08:16,959 INFO org.apache.juli.logging.DirectJDKLog [main] Initializing ProtocolHandler ["http-nio-8096"]
2019-11-27 22:08:16,960 INFO org.apache.juli.logging.DirectJDKLog [main] Starting service [Tomcat]
2019-11-27 22:08:16,961 INFO org.apache.juli.logging.DirectJDKLog [main] Starting Servlet engine: [Apache Tomcat/9.0.27]
2019-11-27 22:08:17,041 INFO org.apache.juli.logging.DirectJDKLog [main] Initializing Spring embedded WebApplicationContext
2019-11-27 22:08:17,041 INFO org.springframework.boot.web.servlet.context.ServletWebServerApplicationContext [main] Root WebApplicationContext: initialization completed in 956 ms
2019-11-27 22:08:17,271 INFO org.springframework.scheduling.concurrent.ExecutorConfigurationSupport [main] Initializing ExecutorService 'applicationTaskExecutor'
2019-11-27 22:08:17,431 INFO org.apache.juli.logging.DirectJDKLog [main] Starting ProtocolHandler ["http-nio-8096"]
2019-11-27 22:08:17,453 INFO org.springframework.boot.web.embedded.tomcat.TomcatWebServer [main] Tomcat started on port(s): 8096 (http) with context path ''
2019-11-27 22:08:17,457 INFO org.springframework.boot.StartupInfoLogger [main] Started ProjectRoboBankApplication in 1.928 seconds (JVM running for 2.852)
2019-11-27 22:08:22,629 INFO org.apache.juli.logging.DirectJDKLog [http-nio-8096-exec-2] Initializing Spring DispatcherServlet 'dispatcherServlet'
2019-11-27 22:08:22,630 INFO org.springframework.web.servlet.FrameworkServlet [http-nio-8096-exec-2] Initializing Servlet 'dispatcherServlet'
2019-11-27 22:08:22,635 INFO org.springframework.web.servlet.FrameworkServlet [http-nio-8096-exec-2] Completed initialization in 5 ms
2019-11-27 22:08:22,667 INFO com.robobank.controller.CustomerStatementController [http-nio-8096-exec-2] In reportData() CustomerStatementController 
2019-11-27 22:08:22,668 INFO com.robobank.service.CustomerStatementServiceImpl [http-nio-8096-exec-2] In readFile() CustomerStatementServiceImpl 
2019-11-27 22:08:22,669 INFO com.robobank.repository.StatementRepository [http-nio-8096-exec-2] In readFileXML() StatementRepository 
2019-11-27 22:08:22,669 INFO com.robobank.utils.StatmentUtils [http-nio-8096-exec-2] In initializeDataFile() StatmentUtils 
2019-11-27 22:08:22,720 ERROR com.robobank.repository.StatementRepository [http-nio-8096-exec-2] null
2019-11-27 22:08:24,401 INFO com.robobank.controller.CustomerStatementController [http-nio-8096-exec-3] In reportData() CustomerStatementController 
2019-11-27 22:08:24,402 INFO com.robobank.service.CustomerStatementServiceImpl [http-nio-8096-exec-3] In readFile() CustomerStatementServiceImpl 
2019-11-27 22:08:24,402 INFO com.robobank.repository.StatementRepository [http-nio-8096-exec-3] In readFileXML() StatementRepository 
2019-11-27 22:08:24,402 INFO com.robobank.utils.StatmentUtils [http-nio-8096-exec-3] In initializeDataFile() StatmentUtils 
2019-11-27 22:08:24,414 ERROR com.robobank.repository.StatementRepository [http-nio-8096-exec-3] null
2019-11-27 22:10:15,025 INFO org.springframework.boot.admin.SpringApplicationAdminMXBeanRegistrar$SpringApplicationAdmin [RMI TCP Connection(10)-127.0.0.1] Application shutdown requested.
2019-11-27 22:10:15,028 INFO org.springframework.scheduling.concurrent.ExecutorConfigurationSupport [RMI TCP Connection(10)-127.0.0.1] Shutting down ExecutorService 'applicationTaskExecutor'
2019-11-27 22:33:36,628 INFO org.springframework.boot.StartupInfoLogger [main] Starting ProjectRoboBankApplication on DESKTOP-O1B8D53 with PID 11944 (D:\STS_Workspaces\Workspaces\Project_RoboBank\target\classes started by Suraj Gupta in D:\STS_Workspaces\Workspaces\Project_RoboBank)
2019-11-27 22:33:36,632 INFO org.springframework.boot.SpringApplication [main] No active profile set, falling back to default profiles: default
2019-11-27 22:33:38,319 INFO org.springframework.boot.web.embedded.tomcat.TomcatWebServer [main] Tomcat initialized with port(s): 8096 (http)
2019-11-27 22:33:38,334 INFO org.apache.juli.logging.DirectJDKLog [main] Initializing ProtocolHandler ["http-nio-8096"]
2019-11-27 22:33:38,334 INFO org.apache.juli.logging.DirectJDKLog [main] Starting service [Tomcat]
2019-11-27 22:33:38,334 INFO org.apache.juli.logging.DirectJDKLog [main] Starting Servlet engine: [Apache Tomcat/9.0.27]
2019-11-27 22:33:38,455 INFO org.apache.juli.logging.DirectJDKLog [main] Initializing Spring embedded WebApplicationContext
2019-11-27 22:33:38,459 INFO org.springframework.boot.web.servlet.context.ServletWebServerApplicationContext [main] Root WebApplicationContext: initialization completed in 1627 ms
2019-11-27 22:33:38,743 INFO org.springframework.scheduling.concurrent.ExecutorConfigurationSupport [main] Initializing ExecutorService 'applicationTaskExecutor'
2019-11-27 22:33:38,911 INFO org.apache.juli.logging.DirectJDKLog [main] Starting ProtocolHandler ["http-nio-8096"]
2019-11-27 22:33:38,935 INFO org.springframework.boot.web.embedded.tomcat.TomcatWebServer [main] Tomcat started on port(s): 8096 (http) with context path ''
2019-11-27 22:33:38,939 INFO org.springframework.boot.StartupInfoLogger [main] Started ProjectRoboBankApplication in 3.143 seconds (JVM running for 4.835)
2019-11-27 22:33:46,039 INFO org.apache.juli.logging.DirectJDKLog [http-nio-8096-exec-2] Initializing Spring DispatcherServlet 'dispatcherServlet'
2019-11-27 22:33:46,039 INFO org.springframework.web.servlet.FrameworkServlet [http-nio-8096-exec-2] Initializing Servlet 'dispatcherServlet'
2019-11-27 22:33:46,044 INFO org.springframework.web.servlet.FrameworkServlet [http-nio-8096-exec-2] Completed initialization in 3 ms
2019-11-27 22:33:46,084 INFO com.robobank.controller.CustomerStatementController [http-nio-8096-exec-2] In reportData() CustomerStatementController 
2019-11-27 22:33:46,084 INFO com.robobank.service.CustomerStatementServiceImpl [http-nio-8096-exec-2] In readFile() CustomerStatementServiceImpl 
2019-11-27 22:33:46,084 INFO com.robobank.repository.StatementRepository [http-nio-8096-exec-2] In readFileXML() StatementRepository 
2019-11-27 22:33:46,088 INFO com.robobank.utils.StatmentUtils [http-nio-8096-exec-2] In initializeDataFile() StatmentUtils 
2019-11-27 22:33:46,132 ERROR com.robobank.repository.StatementRepository [http-nio-8096-exec-2] null
2019-11-27 22:33:50,055 INFO com.robobank.controller.CustomerStatementController [http-nio-8096-exec-3] In reportData() CustomerStatementController 
2019-11-27 22:33:50,055 INFO com.robobank.service.CustomerStatementServiceImpl [http-nio-8096-exec-3] In readFile() CustomerStatementServiceImpl 
2019-11-27 22:33:50,057 INFO com.robobank.repository.StatementRepository [http-nio-8096-exec-3] In readFileXML() StatementRepository 
2019-11-27 22:33:50,057 INFO com.robobank.utils.StatmentUtils [http-nio-8096-exec-3] In initializeDataFile() StatmentUtils 
2019-11-27 22:33:50,062 ERROR com.robobank.repository.StatementRepository [http-nio-8096-exec-3] null
2019-11-27 22:33:56,840 INFO com.robobank.controller.CustomerStatementController [http-nio-8096-exec-4] In reportData() CustomerStatementController 
2019-11-27 22:33:56,840 INFO com.robobank.service.CustomerStatementServiceImpl [http-nio-8096-exec-4] In readFile() CustomerStatementServiceImpl 
2019-11-27 22:33:56,844 INFO com.robobank.repository.StatementRepository [http-nio-8096-exec-4] In readFileCSV() StatementRepository 
2019-11-27 22:33:56,844 INFO com.robobank.utils.StatmentUtils [http-nio-8096-exec-4] In initializeDataFromFile() StatmentUtils 
2019-11-27 22:33:59,148 INFO com.robobank.controller.CustomerStatementController [http-nio-8096-exec-5] In reportData() CustomerStatementController 
2019-11-27 22:33:59,148 INFO com.robobank.service.CustomerStatementServiceImpl [http-nio-8096-exec-5] In readFile() CustomerStatementServiceImpl 
2019-11-27 22:33:59,148 INFO com.robobank.repository.StatementRepository [http-nio-8096-exec-5] In readFileCSV() StatementRepository 
2019-11-27 22:33:59,148 INFO com.robobank.utils.StatmentUtils [http-nio-8096-exec-5] In initializeDataFromFile() StatmentUtils 
