2019-11-28 22:29:12,833 INFO org.springframework.boot.StartupInfoLogger [main] Starting ProjectRoboBankApplication on DESKTOP-O1B8D53 with PID 14132 (D:\STS_Workspaces\Workspaces\Project_RoboBank\target\classes started by Suraj Gupta in D:\STS_Workspaces\Workspaces\Project_RoboBank)
2019-11-28 22:29:12,840 INFO org.springframework.boot.SpringApplication [main] No active profile set, falling back to default profiles: default
2019-11-28 22:29:14,021 INFO org.springframework.boot.web.embedded.tomcat.TomcatWebServer [main] Tomcat initialized with port(s): 8096 (http)
2019-11-28 22:29:14,031 INFO org.apache.juli.logging.DirectJDKLog [main] Initializing ProtocolHandler ["http-nio-8096"]
2019-11-28 22:29:14,032 INFO org.apache.juli.logging.DirectJDKLog [main] Starting service [Tomcat]
2019-11-28 22:29:14,036 INFO org.apache.juli.logging.DirectJDKLog [main] Starting Servlet engine: [Apache Tomcat/9.0.27]
2019-11-28 22:29:14,109 INFO org.apache.juli.logging.DirectJDKLog [main] Initializing Spring embedded WebApplicationContext
2019-11-28 22:29:14,110 INFO org.springframework.boot.web.servlet.context.ServletWebServerApplicationContext [main] Root WebApplicationContext: initialization completed in 1202 ms
2019-11-28 22:29:14,470 INFO org.springframework.scheduling.concurrent.ExecutorConfigurationSupport [main] Initializing ExecutorService 'applicationTaskExecutor'
2019-11-28 22:29:14,903 INFO org.apache.juli.logging.DirectJDKLog [main] Starting ProtocolHandler ["http-nio-8096"]
2019-11-28 22:29:14,972 INFO org.springframework.boot.web.embedded.tomcat.TomcatWebServer [main] Tomcat started on port(s): 8096 (http) with context path ''
2019-11-28 22:29:14,988 INFO org.springframework.boot.StartupInfoLogger [main] Started ProjectRoboBankApplication in 2.729 seconds (JVM running for 4.172)
2019-11-28 22:29:36,397 INFO org.springframework.boot.StartupInfoLogger [main] Starting ProjectRoboBankApplicationTests on DESKTOP-O1B8D53 with PID 14992 (started by Suraj Gupta in D:\STS_Workspaces\Workspaces\Project_RoboBank)
2019-11-28 22:29:36,403 INFO org.springframework.boot.SpringApplication [main] No active profile set, falling back to default profiles: default
2019-11-28 22:29:38,722 INFO org.springframework.scheduling.concurrent.ExecutorConfigurationSupport [main] Initializing ExecutorService 'applicationTaskExecutor'
2019-11-28 22:29:39,278 INFO org.springframework.boot.StartupInfoLogger [main] Started ProjectRoboBankApplicationTests in 3.804 seconds (JVM running for 5.837)
2019-11-28 22:29:39,906 INFO org.springframework.scheduling.concurrent.ExecutorConfigurationSupport [SpringContextShutdownHook] Shutting down ExecutorService 'applicationTaskExecutor'
2019-11-28 22:29:50,282 INFO org.springframework.boot.admin.SpringApplicationAdminMXBeanRegistrar$SpringApplicationAdmin [RMI TCP Connection(10)-127.0.0.1] Application shutdown requested.
2019-11-28 22:29:50,287 INFO org.springframework.scheduling.concurrent.ExecutorConfigurationSupport [RMI TCP Connection(10)-127.0.0.1] Shutting down ExecutorService 'applicationTaskExecutor'
2019-11-28 22:30:15,628 INFO org.springframework.boot.StartupInfoLogger [main] Starting ProjectRoboBankApplicationTests on DESKTOP-O1B8D53 with PID 5196 (started by Suraj Gupta in D:\STS_Workspaces\Workspaces\Project_RoboBank)
2019-11-28 22:30:15,632 INFO org.springframework.boot.SpringApplication [main] No active profile set, falling back to default profiles: default
2019-11-28 22:30:17,603 INFO org.springframework.scheduling.concurrent.ExecutorConfigurationSupport [main] Initializing ExecutorService 'applicationTaskExecutor'
2019-11-28 22:30:18,160 INFO org.springframework.boot.StartupInfoLogger [main] Started ProjectRoboBankApplicationTests in 3.237 seconds (JVM running for 4.838)
2019-11-28 22:30:18,652 INFO org.springframework.scheduling.concurrent.ExecutorConfigurationSupport [SpringContextShutdownHook] Shutting down ExecutorService 'applicationTaskExecutor'
2019-11-28 22:33:46,598 INFO org.springframework.boot.StartupInfoLogger [main] Starting CustomerStatementControllerIntegrationTest on DESKTOP-O1B8D53 with PID 12964 (started by Suraj Gupta in D:\STS_Workspaces\Workspaces\Project_RoboBank)
2019-11-28 22:33:46,602 INFO org.springframework.boot.SpringApplication [main] No active profile set, falling back to default profiles: default
2019-11-28 22:33:48,657 INFO org.springframework.boot.web.embedded.tomcat.TomcatWebServer [main] Tomcat initialized with port(s): 0 (http)
2019-11-28 22:33:48,670 INFO org.apache.juli.logging.DirectJDKLog [main] Initializing ProtocolHandler ["http-nio-auto-1"]
2019-11-28 22:33:48,671 INFO org.apache.juli.logging.DirectJDKLog [main] Starting service [Tomcat]
2019-11-28 22:33:48,672 INFO org.apache.juli.logging.DirectJDKLog [main] Starting Servlet engine: [Apache Tomcat/9.0.27]
2019-11-28 22:33:48,844 INFO org.apache.juli.logging.DirectJDKLog [main] Initializing Spring embedded WebApplicationContext
2019-11-28 22:33:48,845 INFO org.springframework.boot.web.servlet.context.ServletWebServerApplicationContext [main] Root WebApplicationContext: initialization completed in 2199 ms
2019-11-28 22:33:49,352 INFO org.springframework.scheduling.concurrent.ExecutorConfigurationSupport [main] Initializing ExecutorService 'applicationTaskExecutor'
2019-11-28 22:33:49,779 INFO org.apache.juli.logging.DirectJDKLog [main] Starting ProtocolHandler ["http-nio-auto-1"]
2019-11-28 22:33:49,813 INFO org.springframework.boot.web.embedded.tomcat.TomcatWebServer [main] Tomcat started on port(s): 57508 (http) with context path ''
2019-11-28 22:33:49,839 INFO org.springframework.boot.StartupInfoLogger [main] Started CustomerStatementControllerIntegrationTest in 3.88 seconds (JVM running for 6.575)
2019-11-28 22:33:50,225 INFO org.apache.juli.logging.DirectJDKLog [http-nio-auto-1-exec-1] Initializing Spring DispatcherServlet 'dispatcherServlet'
2019-11-28 22:33:50,226 INFO org.springframework.web.servlet.FrameworkServlet [http-nio-auto-1-exec-1] Initializing Servlet 'dispatcherServlet'
2019-11-28 22:33:50,269 INFO org.springframework.web.servlet.FrameworkServlet [http-nio-auto-1-exec-1] Completed initialization in 41 ms
2019-11-28 22:33:50,345 INFO com.robobank.controller.CustomerStatementController [http-nio-auto-1-exec-1] In reportData() CustomerStatementController 
2019-11-28 22:33:50,348 INFO com.robobank.service.CustomerStatementServiceImpl [http-nio-auto-1-exec-1] In readFile() CustomerStatementServiceImpl 
2019-11-28 22:33:50,349 INFO com.robobank.repository.StatementRepository [http-nio-auto-1-exec-1] In readFileCSV() StatementRepository 
2019-11-28 22:33:50,350 INFO com.robobank.utils.StatmentUtils [http-nio-auto-1-exec-1] In initializeDataFromFile() StatmentUtils 
2019-11-28 22:33:50,564 INFO com.robobank.controller.CustomerStatementController [http-nio-auto-1-exec-2] In reportData() CustomerStatementController 
2019-11-28 22:33:50,565 INFO com.robobank.service.CustomerStatementServiceImpl [http-nio-auto-1-exec-2] In readFile() CustomerStatementServiceImpl 
2019-11-28 22:33:50,574 ERROR org.apache.juli.logging.DirectJDKLog [http-nio-auto-1-exec-2] Servlet.service() for servlet [dispatcherServlet] in context with path [] threw exception [Request processing failed; nested exception is java.lang.ArrayIndexOutOfBoundsException: 1] with root cause
java.lang.ArrayIndexOutOfBoundsException: 1
	at com.robobank.service.CustomerStatementServiceImpl.readFile(CustomerStatementServiceImpl.java:28)
	at com.robobank.controller.CustomerStatementController.fileRecords(CustomerStatementController.java:37)
	at sun.reflect.NativeMethodAccessorImpl.invoke0(Native Method)
	at sun.reflect.NativeMethodAccessorImpl.invoke(Unknown Source)
	at sun.reflect.DelegatingMethodAccessorImpl.invoke(Unknown Source)
	at java.lang.reflect.Method.invoke(Unknown Source)
	at org.springframework.web.method.support.InvocableHandlerMethod.doInvoke(InvocableHandlerMethod.java:190)
	at org.springframework.web.method.support.InvocableHandlerMethod.invokeForRequest(InvocableHandlerMethod.java:138)
	at org.springframework.web.servlet.mvc.method.annotation.ServletInvocableHandlerMethod.invokeAndHandle(ServletInvocableHandlerMethod.java:106)
	at org.springframework.web.servlet.mvc.method.annotation.RequestMappingHandlerAdapter.invokeHandlerMethod(RequestMappingHandlerAdapter.java:888)
	at org.springframework.web.servlet.mvc.method.annotation.RequestMappingHandlerAdapter.handleInternal(RequestMappingHandlerAdapter.java:793)
	at org.springframework.web.servlet.mvc.method.AbstractHandlerMethodAdapter.handle(AbstractHandlerMethodAdapter.java:87)
	at org.springframework.web.servlet.DispatcherServlet.doDispatch(DispatcherServlet.java:1040)
	at org.springframework.web.servlet.DispatcherServlet.doService(DispatcherServlet.java:943)
	at org.springframework.web.servlet.FrameworkServlet.processRequest(FrameworkServlet.java:1006)
	at org.springframework.web.servlet.FrameworkServlet.doGet(FrameworkServlet.java:898)
	at javax.servlet.http.HttpServlet.service(HttpServlet.java:634)
	at org.springframework.web.servlet.FrameworkServlet.service(FrameworkServlet.java:883)
	at javax.servlet.http.HttpServlet.service(HttpServlet.java:741)
	at org.apache.catalina.core.ApplicationFilterChain.internalDoFilter(ApplicationFilterChain.java:231)
	at org.apache.catalina.core.ApplicationFilterChain.doFilter(ApplicationFilterChain.java:166)
	at org.apache.tomcat.websocket.server.WsFilter.doFilter(WsFilter.java:53)
	at org.apache.catalina.core.ApplicationFilterChain.internalDoFilter(ApplicationFilterChain.java:193)
	at org.apache.catalina.core.ApplicationFilterChain.doFilter(ApplicationFilterChain.java:166)
	at org.springframework.web.filter.RequestContextFilter.doFilterInternal(RequestContextFilter.java:100)
	at org.springframework.web.filter.OncePerRequestFilter.doFilter(OncePerRequestFilter.java:119)
	at org.apache.catalina.core.ApplicationFilterChain.internalDoFilter(ApplicationFilterChain.java:193)
	at org.apache.catalina.core.ApplicationFilterChain.doFilter(ApplicationFilterChain.java:166)
	at org.springframework.web.filter.FormContentFilter.doFilterInternal(FormContentFilter.java:93)
	at org.springframework.web.filter.OncePerRequestFilter.doFilter(OncePerRequestFilter.java:119)
	at org.apache.catalina.core.ApplicationFilterChain.internalDoFilter(ApplicationFilterChain.java:193)
	at org.apache.catalina.core.ApplicationFilterChain.doFilter(ApplicationFilterChain.java:166)
	at org.springframework.web.filter.CharacterEncodingFilter.doFilterInternal(CharacterEncodingFilter.java:201)
	at org.springframework.web.filter.OncePerRequestFilter.doFilter(OncePerRequestFilter.java:119)
	at org.apache.catalina.core.ApplicationFilterChain.internalDoFilter(ApplicationFilterChain.java:193)
	at org.apache.catalina.core.ApplicationFilterChain.doFilter(ApplicationFilterChain.java:166)
	at org.apache.catalina.core.StandardWrapperValve.invoke(StandardWrapperValve.java:202)
	at org.apache.catalina.core.StandardContextValve.invoke(StandardContextValve.java:96)
	at org.apache.catalina.authenticator.AuthenticatorBase.invoke(AuthenticatorBase.java:526)
	at org.apache.catalina.core.StandardHostValve.invoke(StandardHostValve.java:139)
	at org.apache.catalina.valves.ErrorReportValve.invoke(ErrorReportValve.java:92)
	at org.apache.catalina.core.StandardEngineValve.invoke(StandardEngineValve.java:74)
	at org.apache.catalina.connector.CoyoteAdapter.service(CoyoteAdapter.java:343)
	at org.apache.coyote.http11.Http11Processor.service(Http11Processor.java:408)
	at org.apache.coyote.AbstractProcessorLight.process(AbstractProcessorLight.java:66)
	at org.apache.coyote.AbstractProtocol$ConnectionHandler.process(AbstractProtocol.java:861)
	at org.apache.tomcat.util.net.NioEndpoint$SocketProcessor.doRun(NioEndpoint.java:1579)
	at org.apache.tomcat.util.net.SocketProcessorBase.run(SocketProcessorBase.java:49)
	at java.util.concurrent.ThreadPoolExecutor.runWorker(Unknown Source)
	at java.util.concurrent.ThreadPoolExecutor$Worker.run(Unknown Source)
	at org.apache.tomcat.util.threads.TaskThread$WrappingRunnable.run(TaskThread.java:61)
	at java.lang.Thread.run(Unknown Source)
2019-11-28 22:33:50,624 INFO com.robobank.repository.StatementRepository [main] In readFileCSV() StatementRepository 
2019-11-28 22:33:50,627 INFO com.robobank.repository.StatementRepository [main] In readFileXML() StatementRepository 
2019-11-28 22:33:50,647 INFO org.springframework.scheduling.concurrent.ExecutorConfigurationSupport [SpringContextShutdownHook] Shutting down ExecutorService 'applicationTaskExecutor'
